[INFO  - 2016-10-14T06:37:04.182Z] GhostDriver - Main - running on port 17271
[INFO  - 2016-10-14T06:37:04.490Z] Session [9ed10240-91d8-11e6-a53b-f11a8855f76d] - page.settings - {"XSSAuditingEnabled":false,"javascriptCanCloseWindows":true,"javascriptCanOpenWindows":true,"javascriptEnabled":true,"loadImages":true,"localToRemoteUrlAccessEnabled":false,"userAgent":"Mozilla/5.0 (Unknown; Linux x86_64) AppleWebKit/538.1 (KHTML, like Gecko) PhantomJS/2.1.1 Safari/538.1","webSecurityEnabled":true}
[INFO  - 2016-10-14T06:37:04.490Z] Session [9ed10240-91d8-11e6-a53b-f11a8855f76d] - page.customHeaders:  - {}
[INFO  - 2016-10-14T06:37:04.491Z] Session [9ed10240-91d8-11e6-a53b-f11a8855f76d] - Session.negotiatedCapabilities - {"browserName":"phantomjs","version":"2.1.1","driverName":"ghostdriver","driverVersion":"1.2.0","platform":"linux-unknown-64bit","javascriptEnabled":true,"takesScreenshot":true,"handlesAlerts":false,"databaseEnabled":false,"locationContextEnabled":false,"applicationCacheEnabled":false,"browserConnectionEnabled":false,"cssSelectorsEnabled":true,"webStorageEnabled":false,"rotatable":false,"acceptSslCerts":false,"nativeEvents":true,"proxy":{"proxyType":"direct"}}
[INFO  - 2016-10-14T06:37:04.491Z] SessionManagerReqHand - _postNewSessionCommand - New Session Created: 9ed10240-91d8-11e6-a53b-f11a8855f76d
[INFO  - 2016-10-14T06:37:08.336Z] ShutdownReqHand - _handle - About to shutdown
[INFO  - 2016-10-14T06:48:52.667Z] GhostDriver - Main - running on port 7781
[INFO  - 2016-10-14T06:48:52.923Z] Session [45137560-91da-11e6-a65d-f12ba4ba84b4] - page.settings - {"XSSAuditingEnabled":false,"javascriptCanCloseWindows":true,"javascriptCanOpenWindows":true,"javascriptEnabled":true,"loadImages":true,"localToRemoteUrlAccessEnabled":false,"userAgent":"Mozilla/5.0 (Unknown; Linux x86_64) AppleWebKit/538.1 (KHTML, like Gecko) PhantomJS/2.1.1 Safari/538.1","webSecurityEnabled":true}
[INFO  - 2016-10-14T06:48:52.923Z] Session [45137560-91da-11e6-a65d-f12ba4ba84b4] - page.customHeaders:  - {}
[INFO  - 2016-10-14T06:48:52.923Z] Session [45137560-91da-11e6-a65d-f12ba4ba84b4] - Session.negotiatedCapabilities - {"browserName":"phantomjs","version":"2.1.1","driverName":"ghostdriver","driverVersion":"1.2.0","platform":"linux-unknown-64bit","javascriptEnabled":true,"takesScreenshot":true,"handlesAlerts":false,"databaseEnabled":false,"locationContextEnabled":false,"applicationCacheEnabled":false,"browserConnectionEnabled":false,"cssSelectorsEnabled":true,"webStorageEnabled":false,"rotatable":false,"acceptSslCerts":false,"nativeEvents":true,"proxy":{"proxyType":"direct"}}
[INFO  - 2016-10-14T06:48:52.923Z] SessionManagerReqHand - _postNewSessionCommand - New Session Created: 45137560-91da-11e6-a65d-f12ba4ba84b4
[INFO  - 2016-10-14T06:48:56.190Z] ShutdownReqHand - _handle - About to shutdown
[INFO  - 2016-10-14T07:24:22.557Z] GhostDriver - Main - running on port 26801
[INFO  - 2016-10-14T07:24:22.805Z] Session [3a95d010-91df-11e6-86e1-29315812a885] - page.settings - {"XSSAuditingEnabled":false,"javascriptCanCloseWindows":true,"javascriptCanOpenWindows":true,"javascriptEnabled":true,"loadImages":true,"localToRemoteUrlAccessEnabled":false,"userAgent":"Mozilla/5.0 (Unknown; Linux x86_64) AppleWebKit/538.1 (KHTML, like Gecko) PhantomJS/2.1.1 Safari/538.1","webSecurityEnabled":true}
[INFO  - 2016-10-14T07:24:22.805Z] Session [3a95d010-91df-11e6-86e1-29315812a885] - page.customHeaders:  - {}
[INFO  - 2016-10-14T07:24:22.805Z] Session [3a95d010-91df-11e6-86e1-29315812a885] - Session.negotiatedCapabilities - {"browserName":"phantomjs","version":"2.1.1","driverName":"ghostdriver","driverVersion":"1.2.0","platform":"linux-unknown-64bit","javascriptEnabled":true,"takesScreenshot":true,"handlesAlerts":false,"databaseEnabled":false,"locationContextEnabled":false,"applicationCacheEnabled":false,"browserConnectionEnabled":false,"cssSelectorsEnabled":true,"webStorageEnabled":false,"rotatable":false,"acceptSslCerts":false,"nativeEvents":true,"proxy":{"proxyType":"direct"}}
[INFO  - 2016-10-14T07:24:22.806Z] SessionManagerReqHand - _postNewSessionCommand - New Session Created: 3a95d010-91df-11e6-86e1-29315812a885
[INFO  - 2016-10-14T07:24:27.247Z] ShutdownReqHand - _handle - About to shutdown
[INFO  - 2016-10-14T11:23:37.191Z] GhostDriver - Main - running on port 2963
[INFO  - 2016-10-14T11:23:37.416Z] Session [a699a040-9200-11e6-99c0-c96f85a89c4e] - page.settings - {"XSSAuditingEnabled":false,"javascriptCanCloseWindows":true,"javascriptCanOpenWindows":true,"javascriptEnabled":true,"loadImages":true,"localToRemoteUrlAccessEnabled":false,"userAgent":"Mozilla/5.0 (Unknown; Linux x86_64) AppleWebKit/538.1 (KHTML, like Gecko) PhantomJS/2.1.1 Safari/538.1","webSecurityEnabled":true}
[INFO  - 2016-10-14T11:23:37.416Z] Session [a699a040-9200-11e6-99c0-c96f85a89c4e] - page.customHeaders:  - {}
[INFO  - 2016-10-14T11:23:37.417Z] Session [a699a040-9200-11e6-99c0-c96f85a89c4e] - Session.negotiatedCapabilities - {"browserName":"phantomjs","version":"2.1.1","driverName":"ghostdriver","driverVersion":"1.2.0","platform":"linux-unknown-64bit","javascriptEnabled":true,"takesScreenshot":true,"handlesAlerts":false,"databaseEnabled":false,"locationContextEnabled":false,"applicationCacheEnabled":false,"browserConnectionEnabled":false,"cssSelectorsEnabled":true,"webStorageEnabled":false,"rotatable":false,"acceptSslCerts":false,"nativeEvents":true,"proxy":{"proxyType":"direct"}}
[INFO  - 2016-10-14T11:23:37.417Z] SessionManagerReqHand - _postNewSessionCommand - New Session Created: a699a040-9200-11e6-99c0-c96f85a89c4e
[INFO  - 2016-10-14T11:23:50.538Z] ShutdownReqHand - _handle - About to shutdown
[INFO  - 2016-10-14T11:24:19.359Z] GhostDriver - Main - running on port 30625
[INFO  - 2016-10-14T11:24:19.577Z] Session [bfbae250-9200-11e6-83d1-01b529cedc53] - page.settings - {"XSSAuditingEnabled":false,"javascriptCanCloseWindows":true,"javascriptCanOpenWindows":true,"javascriptEnabled":true,"loadImages":true,"localToRemoteUrlAccessEnabled":false,"userAgent":"Mozilla/5.0 (Unknown; Linux x86_64) AppleWebKit/538.1 (KHTML, like Gecko) PhantomJS/2.1.1 Safari/538.1","webSecurityEnabled":true}
[INFO  - 2016-10-14T11:24:19.578Z] Session [bfbae250-9200-11e6-83d1-01b529cedc53] - page.customHeaders:  - {}
[INFO  - 2016-10-14T11:24:19.578Z] Session [bfbae250-9200-11e6-83d1-01b529cedc53] - Session.negotiatedCapabilities - {"browserName":"phantomjs","version":"2.1.1","driverName":"ghostdriver","driverVersion":"1.2.0","platform":"linux-unknown-64bit","javascriptEnabled":true,"takesScreenshot":true,"handlesAlerts":false,"databaseEnabled":false,"locationContextEnabled":false,"applicationCacheEnabled":false,"browserConnectionEnabled":false,"cssSelectorsEnabled":true,"webStorageEnabled":false,"rotatable":false,"acceptSslCerts":false,"nativeEvents":true,"proxy":{"proxyType":"direct"}}
[INFO  - 2016-10-14T11:24:19.578Z] SessionManagerReqHand - _postNewSessionCommand - New Session Created: bfbae250-9200-11e6-83d1-01b529cedc53
[INFO  - 2016-10-14T11:24:29.157Z] ShutdownReqHand - _handle - About to shutdown
[INFO  - 2016-10-14T11:26:03.105Z] GhostDriver - Main - running on port 19265
[INFO  - 2016-10-14T11:26:03.350Z] Session [fd958a30-9200-11e6-a275-2967bba2946b] - page.settings - {"XSSAuditingEnabled":false,"javascriptCanCloseWindows":true,"javascriptCanOpenWindows":true,"javascriptEnabled":true,"loadImages":true,"localToRemoteUrlAccessEnabled":false,"userAgent":"Mozilla/5.0 (Unknown; Linux x86_64) AppleWebKit/538.1 (KHTML, like Gecko) PhantomJS/2.1.1 Safari/538.1","webSecurityEnabled":true}
[INFO  - 2016-10-14T11:26:03.351Z] Session [fd958a30-9200-11e6-a275-2967bba2946b] - page.customHeaders:  - {}
[INFO  - 2016-10-14T11:26:03.351Z] Session [fd958a30-9200-11e6-a275-2967bba2946b] - Session.negotiatedCapabilities - {"browserName":"phantomjs","version":"2.1.1","driverName":"ghostdriver","driverVersion":"1.2.0","platform":"linux-unknown-64bit","javascriptEnabled":true,"takesScreenshot":true,"handlesAlerts":false,"databaseEnabled":false,"locationContextEnabled":false,"applicationCacheEnabled":false,"browserConnectionEnabled":false,"cssSelectorsEnabled":true,"webStorageEnabled":false,"rotatable":false,"acceptSslCerts":false,"nativeEvents":true,"proxy":{"proxyType":"direct"}}
[INFO  - 2016-10-14T11:26:03.351Z] SessionManagerReqHand - _postNewSessionCommand - New Session Created: fd958a30-9200-11e6-a275-2967bba2946b
[INFO  - 2016-10-14T11:26:07.999Z] ShutdownReqHand - _handle - About to shutdown
